

==========================================
	Pre-Check Configurations
==========================================

File to be converted
--------------------
		Initializing File <strong>16046779563584b.mp4</strong> and pre checking configurations...

System hardware Information
---------------------------
		Unable log System hardware information, plaese install "lshw" 

Temporary Uploading
-------------------
		File Uploaded to Temp directory successfully and video conversion file is being executed !

Video Conversion File Execution
-------------------------------
		Video Converson File executed successfully with Target File > !16046779563584b.mp3


==========================================
	Starting Conversion Log
==========================================

Getting Arguments
-----------------
		Filename : 16046779563584b.mp3
File directory : 2020/11/06
Log file : /var/www/vhosts/lookmyad.com/httpdocs/clip/files/logs/2020/11/06/16046779563584b.log


Conversion queue
----------------
		Getting the file information from the queue for conversion

Conversion queue
----------------
		File has been moved from Temporary dir to Conversion Queue/var/www/vhosts/lookmyad.com/httpdocs/clip/files/temp/16046779563584b.ahz Orig_ /var/www/vhosts/lookmyad.com/httpdocs/clip/files/conversion_queue/16046779563584b.mp3

Parsing FFmpeg Configurations
-----------------------------
		<strong>use_video_rate</strong> : 1
<strong>use_video_bit_rate</strong> : 1
<strong>use_audio_rate</strong> : 1
<strong>use_audio_bit_rate</strong> : 1
<strong>use_audio_codec</strong> : 1
<strong>use_video_codec</strong> : 1
<strong>format</strong> : mp4
<strong>video_codec</strong> : libx264
<strong>audio_codec</strong> : libfdk_aac
<strong>audio_rate</strong> : 22050
<strong>audio_bitrate</strong> : 128000
<strong>video_rate</strong> : 
<strong>video_bitrate</strong> : 
<strong>video_bitrate_hd</strong> : 
<strong>normal_res</strong> : 
<strong>high_res</strong> : 
<strong>max_video_duration</strong> : 320
<strong>resize</strong> : max
<strong>outputPath</strong> : 2020/11/06/
<strong>cb_combo_res</strong> : 
<strong>gen_240</strong> : yes
<strong>gen_360</strong> : yes
<strong>gen_480</strong> : yes
<strong>gen_720</strong> : yes
<strong>gen_1080</strong> : yes


Starting Conversion
-------------------
		Started on 2020-11-06 15:52:41 - 2020 Nov 06

Checking File...
File : /var/www/vhosts/lookmyad.com/httpdocs/clip/files/conversion_queue/16046779563584b.mp3

File Exists____19200
--------------------
		Yes

Preparing file...
-----------------
		<strong>format</strong> : mp3
<strong>duration</strong> : 270.36
<strong>size</strong> : 8676467
<strong>bitrate</strong> : 256738
<strong>video_width</strong> : 640
<strong>video_height</strong> : 360
<strong>video_wh_ratio</strong> : 1.7777777777778
<strong>video_codec</strong> : mjpeg
<strong>video_rate</strong> : 90000
<strong>video_bitrate</strong> : 0
<strong>video_color</strong> : N/A
<strong>audio_codec</strong> : mp3
<strong>audio_bitrate</strong> : 256000
<strong>audio_rate</strong> : 48000
<strong>audio_channels</strong> : 2
<strong>path</strong> : /var/www/vhosts/lookmyad.com/httpdocs/clip/files/conversion_queue/16046779563584b.mp3
<strong>rotation</strong> : 0


Audio Files ____ /var/www/vhosts/lookmyad.com/httpdocs/clip/files/conversion_queue/16046779563584b.mp3 Resolutions: 
--------------------------------------------------------------------------------------------------------------------
		/var/www/vhosts/lookmyad.com/httpdocs/clip/files/conversion_queue/16046779563584b.mp3

==========================================
	Video Conversionaudio
==========================================

==========================================
	Audio Conversion
==========================================

Getting Video Details Array: 
-----------------------------
		<strong>size</strong> : 8676467
<strong>duration</strong> : 270
<strong>bitrate</strong> : 251
<strong>format</strong> : mp3
<strong>video_width</strong> : 640
<strong>video_height</strong> : 360
<strong>video_wh_ratio</strong> : 1.7777777777778
<strong>video_codec</strong> : mjpeg
<strong>audio_codec</strong> : mp3
<strong>audio_rate</strong> : 48000
<strong>audio_channels</strong> : stereo


Getting out : 
--------------
		ffmpeg version 3.4.8 Copyright (c) 2000-2020 the FFmpeg developers
  built with gcc 4.8.5 (GCC) 20150623 (Red Hat 4.8.5-39)
  configuration: --prefix=/usr --bindir=/usr/bin --datadir=/usr/share/ffmpeg --docdir=/usr/share/doc/ffmpeg --incdir=/usr/include/ffmpeg --libdir=/usr/lib64 --mandir=/usr/share/man --arch=x86_64 --optflags='-O2 -g -pipe -Wall -Wp,-D_FORTIFY_SOURCE=2 -fexceptions -fstack-protector-strong --param=ssp-buffer-size=4 -grecord-gcc-switches -m64 -mtune=generic' --extra-ldflags='-Wl,-z,relro ' --extra-cflags=' ' --enable-libopencore-amrnb --enable-libopencore-amrwb --enable-libvo-amrwbenc --enable-version3 --enable-bzlib --disable-crystalhd --enable-fontconfig --enable-gcrypt --enable-gnutls --enable-ladspa --enable-libass --enable-libbluray --enable-libcdio --enable-libdrm --enable-indev=jack --enable-libfreetype --enable-libfribidi --enable-libgsm --enable-libmp3lame --enable-nvenc --enable-openal --enable-opencl --enable-opengl --enable-libopenjpeg --enable-libopus --disable-encoder=libopus --enable-libpulse --enable-librsvg --enable-libsoxr --enable-libspeex --enable-libtheora --enable-libvorbis --enable-libv4l2 --enable-libvidstab --enable-libvpx --enable-libx264 --enable-libx265 --enable-libxvid --enable-libzvbi --enable-avfilter --enable-avresample --enable-libmodplug --enable-postproc --enable-pthreads --disable-static --enable-shared --enable-gpl --disable-debug --disable-stripping --shlibdir=/usr/lib64 --enable-libmfx --enable-runtime-cpudetect
  libavutil      55. 78.100 / 55. 78.100
  libavcodec     57.107.100 / 57.107.100
  libavformat    57. 83.100 / 57. 83.100
  libavdevice    57. 10.100 / 57. 10.100
  libavfilter     6.107.100 /  6.107.100
  libavresample   3.  7.  0 /  3.  7.  0
  libswscale      4.  8.100 /  4.  8.100
  libswresample   2.  9.100 /  2.  9.100
  libpostproc    54.  7.100 / 54.  7.100
[mp3 @ 0xffde80] Estimating duration from bitrate, this may be inaccurate
Input #0, mp3, from '/var/www/vhosts/lookmyad.com/httpdocs/clip/files/conversion_queue/16046779563584b.mp3':
  Metadata:
    album           : Rod Stewart - I am Sailing - HD -
    title           : Rod Stewart - I am Sailing - HD -
    encoder         : Lavf58.26.101
    date            : 2018
  Duration: 00:04:30.36, start: 0.000000, bitrate: 256 kb/s
    Stream #0:0: Audio: mp3, 48000 Hz, stereo, s16p, 256 kb/s
    Stream #0:1: Video: mjpeg, yuvj420p(pc, bt470bg/unknown/unknown), 640x360 [SAR 96:96 DAR 16:9], 90k tbr, 90k tbn, 90k tbc
    Metadata:
      comment         : Other
Output #0, null, to '/dev/null':
  Metadata:
    album           : Rod Stewart - I am Sailing - HD -
    title           : Rod Stewart - I am Sailing - HD -
    date            : 2018
    encoder         : Lavf57.83.100
    Stream #0:0: Video: mjpeg, yuvj420p(pc, bt470bg/unknown/unknown), 640x360 [SAR 96:96 DAR 16:9], q=2-31, 90k tbr, 90k tbn, 90k tbc
    Metadata:
      comment         : Other
    Stream #0:1: Audio: mp3, 48000 Hz, stereo, s16p, 256 kb/s
Stream mapping:
  Stream #0:1 -> #0:0 (copy)
  Stream #0:0 -> #0:1 (copy)
Press [q] to stop, [?] for help
frame=    1 fps=0.0 q=-1.0 Lsize=N/A time=00:04:30.33 bitrate=N/A speed=2.2e+03x    
video:24kB audio:8449kB subtitle:0kB other streams:0kB global headers:0kB muxing overhead: unknown


Low SD second Execute Full Command : 
-------------------------------------
		
======Converting Video=========


=======Low Resolution Conversion=======


 Sarting : Generating Low resolution video @ 2020-11-06 15:52:42 

 Converting Video SD File  

 Command : /usr/local/bin/ffmpeg -i /var/www/vhosts/lookmyad.com/httpdocs/clip/files/conversion_queue/16046779563584b.mp3 /var/www/vhosts/lookmyad.com/httpdocs/clip/files/videos/2020/11/06//16046779563584b-audio.mp4 

 ffmpeg output : ffmpeg version 3.4.8 Copyright (c) 2000-2020 the FFmpeg developers
  built with gcc 4.8.5 (GCC) 20150623 (Red Hat 4.8.5-39)
  configuration: --prefix=/usr --bindir=/usr/bin --datadir=/usr/share/ffmpeg --docdir=/usr/share/doc/ffmpeg --incdir=/usr/include/ffmpeg --libdir=/usr/lib64 --mandir=/usr/share/man --arch=x86_64 --optflags='-O2 -g -pipe -Wall -Wp,-D_FORTIFY_SOURCE=2 -fexceptions -fstack-protector-strong --param=ssp-buffer-size=4 -grecord-gcc-switches -m64 -mtune=generic' --extra-ldflags='-Wl,-z,relro ' --extra-cflags=' ' --enable-libopencore-amrnb --enable-libopencore-amrwb --enable-libvo-amrwbenc --enable-version3 --enable-bzlib --disable-crystalhd --enable-fontconfig --enable-gcrypt --enable-gnutls --enable-ladspa --enable-libass --enable-libbluray --enable-libcdio --enable-libdrm --enable-indev=jack --enable-libfreetype --enable-libfribidi --enable-libgsm --enable-libmp3lame --enable-nvenc --enable-openal --enable-opencl --enable-opengl --enable-libopenjpeg --enable-libopus --disable-encoder=libopus --enable-libpulse --enable-librsvg --enable-libsoxr --enable-libspeex --enable-libtheora --enable-libvorbis --enable-libv4l2 --enable-libvidstab --enable-libvpx --enable-libx264 --enable-libx265 --enable-libxvid --enable-libzvbi --enable-avfilter --enable-avresample --enable-libmodplug --enable-postproc --enable-pthreads --disable-static --enable-shared --enable-gpl --disable-debug --disable-stripping --shlibdir=/usr/lib64 --enable-libmfx --enable-runtime-cpudetect
  libavutil      55. 78.100 / 55. 78.100
  libavcodec     57.107.100 / 57.107.100
  libavformat    57. 83.100 / 57. 83.100
  libavdevice    57. 10.100 / 57. 10.100
  libavfilter     6.107.100 /  6.107.100
  libavresample   3.  7.  0 /  3.  7.  0
  libswscale      4.  8.100 /  4.  8.100
  libswresample   2.  9.100 /  2.  9.100
  libpostproc    54.  7.100 / 54.  7.100
[mp3 @ 0x1bd5e80] Estimating duration from bitrate, this may be inaccurate
Input #0, mp3, from '/var/www/vhosts/lookmyad.com/httpdocs/clip/files/conversion_queue/16046779563584b.mp3':
  Metadata:
    album           : Rod Stewart - I am Sailing - HD -
    title           : Rod Stewart - I am Sailing - HD -
    encoder         : Lavf58.26.101
    date            : 2018
  Duration: 00:04:30.36, start: 0.000000, bitrate: 256 kb/s
    Stream #0:0: Audio: mp3, 48000 Hz, stereo, s16p, 256 kb/s
    Stream #0:1: Video: mjpeg, yuvj420p(pc, bt470bg/unknown/unknown), 640x360 [SAR 96:96 DAR 16:9], 90k tbr, 90k tbn, 90k tbc
    Metadata:
      comment         : Other
/var/www/vhosts/lookmyad.com/httpdocs/clip/files/videos/2020/11/06//16046779563584b-audio.mp4: No such file or directory
 


Conversion Completed___ Output File
-----------------------------------
		

Time Took : 0.5681 seconds

conversion_status : failed 
